<?xml version="1.0" encoding="UTF-8"?>
<!-- Generated by org.testng.reporters.JUnitReportReporter -->
<testsuite hostname="DESKTOP-6P1S927" failures="0" tests="2" name="test.LoginTest" time="36.011" errors="0" timestamp="2024-08-01T11:14:21 IST" skipped="0">
  <testcase classname="test.LoginTest" name="login" time="26.657"/>
  <testcase classname="test.LoginTest" name="login" time="9.354"/>
</testsuite> <!-- test.LoginTest -->
